{
  "RSpec": {
    "coverage": {
      "/home/bjmcd/Documents/Development/Private/BigRobot/moonbase/app/controllers/api/v1/amazon/cost_of_goods/index_controller.rb": {
        "lines": [
          1,
          1,
          1,
          1,
          1,
          1,
          1,
          1,
          1,
          null,
          null,
          null,
          null,
          null,
          null
        ]
      },
      "/home/bjmcd/Documents/Development/Private/BigRobot/moonbase/app/controllers/api/controller.rb": {
        "lines": [
          1,
          1,
          1,
          null,
          1,
          null,
          1,
          null,
          1,
          5,
          5,
          null,
          null,
          null,
          1,
          0,
          null,
          null,
          null
        ]
      },
      "/home/bjmcd/Documents/Development/Private/BigRobot/moonbase/app/controllers/api/v1/amazon/marketplaces/index_controller.rb": {
        "lines": [
          1,
          1,
          1,
          1,
          1,
          1,
          1,
          1,
          null,
          1,
          null,
          null,
          null,
          null,
          null,
          null
        ]
      },
      "/home/bjmcd/Documents/Development/Private/BigRobot/moonbase/app/controllers/api/v1/amazon/reports/ingest/index_controller.rb": {
        "lines": [
          1,
          1,
          1,
          1,
          1,
          1,
          1,
          1,
          1,
          null,
          null,
          null,
          null,
          null,
          null,
          null
        ]
      },
      "/home/bjmcd/Documents/Development/Private/BigRobot/moonbase/app/controllers/api/v1/currency/exchange_rates/index_controller.rb": {
        "lines": [
          1,
          1,
          1,
          1,
          1,
          1,
          1,
          1,
          null,
          1,
          null,
          null,
          null,
          null,
          null,
          null
        ]
      },
      "/home/bjmcd/Documents/Development/Private/BigRobot/moonbase/app/controllers/api/v1/expenses/others/index_controller.rb": {
        "lines": [
          1,
          1,
          1,
          1,
          1,
          1,
          1,
          1,
          1,
          null,
          null,
          null,
          null,
          null,
          null
        ]
      },
      "/home/bjmcd/Documents/Development/Private/BigRobot/moonbase/app/jobs/amazon/reports/ingest/custom_transactions/ingest_job.rb": {
        "lines": [
          1,
          1,
          1,
          1,
          1,
          1,
          null,
          1,
          3,
          null,
          null,
          null,
          null,
          null,
          null
        ]
      },
      "/home/bjmcd/Documents/Development/Private/BigRobot/moonbase/app/jobs/application_worker.rb": {
        "lines": [
          1,
          1,
          null
        ]
      },
      "/home/bjmcd/Documents/Development/Private/BigRobot/moonbase/app/jobs/amazon/reports/ingest/process_job.rb": {
        "lines": [
          1,
          1,
          1,
          1,
          1,
          null,
          1,
          1,
          null,
          null,
          null,
          null,
          null
        ]
      },
      "/home/bjmcd/Documents/Development/Private/BigRobot/moonbase/app/jobs/amazon/reports/ingest/sponsored_products/ingest_job.rb": {
        "lines": [
          1,
          1,
          1,
          1,
          1,
          1,
          null,
          1,
          3,
          null,
          null,
          null,
          null,
          null,
          null
        ]
      },
      "/home/bjmcd/Documents/Development/Private/BigRobot/moonbase/app/jobs/amazon/reports/ingest/status_job.rb": {
        "lines": [
          1,
          1,
          1,
          1,
          1,
          null,
          1,
          1,
          null,
          null,
          null,
          null,
          null
        ]
      },
      "/home/bjmcd/Documents/Development/Private/BigRobot/moonbase/app/jobs/amazon/reports/publish_job.rb": {
        "lines": [
          1,
          1,
          1,
          1,
          null,
          1,
          1,
          null,
          null,
          null,
          null
        ]
      },
      "/home/bjmcd/Documents/Development/Private/BigRobot/moonbase/app/jobs/currency/exchange_rates/sync_job.rb": {
        "lines": [
          1,
          1,
          1,
          1,
          null,
          1,
          0,
          null,
          null,
          null,
          null
        ]
      },
      "/home/bjmcd/Documents/Development/Private/BigRobot/moonbase/app/lib/lyticaa/fixer/client.rb": {
        "lines": [
          1,
          1,
          1,
          1,
          1,
          1,
          1,
          1,
          null,
          1,
          2,
          0,
          0,
          null,
          null,
          2,
          null,
          null,
          1,
          null,
          1,
          6,
          null,
          null,
          1,
          1,
          null,
          null,
          1,
          1,
          null,
          null,
          1,
          1,
          null,
          null,
          1,
          1,
          null,
          null,
          1,
          2,
          null,
          null,
          1,
          2,
          null,
          null,
          1,
          0,
          null,
          null,
          null,
          null,
          null
        ]
      },
      "/home/bjmcd/Documents/Development/Private/BigRobot/moonbase/app/services/amazon/cost_of_goods/record_service.rb": {
        "lines": [
          1,
          1,
          1,
          1,
          2,
          2,
          2,
          2,
          2,
          2,
          null,
          null,
          1,
          null,
          1,
          2,
          null,
          null,
          1,
          null,
          1,
          2,
          null,
          2,
          null,
          2,
          null,
          null,
          1,
          2,
          null,
          null,
          1,
          2,
          null,
          null,
          1,
          4,
          null,
          null,
          null,
          null
        ]
      },
      "/home/bjmcd/Documents/Development/Private/BigRobot/moonbase/app/services/application_service.rb": {
        "lines": [
          1,
          1,
          0,
          null,
          null
        ]
      },
      "/home/bjmcd/Documents/Development/Private/BigRobot/moonbase/app/services/amazon/date_range_service.rb": {
        "lines": [
          1,
          1,
          1,
          14,
          null,
          null,
          1,
          null,
          1,
          14,
          null,
          14,
          null,
          null,
          1,
          null,
          1,
          1,
          null,
          null,
          1,
          1,
          null,
          null,
          1,
          1,
          null,
          null,
          1,
          1,
          null,
          null,
          1,
          1,
          null,
          null,
          1,
          1,
          null,
          null,
          1,
          1,
          null,
          null,
          1,
          1,
          null,
          null,
          1,
          1,
          null,
          null,
          1,
          1,
          null,
          null,
          1,
          1,
          null,
          null,
          1,
          1,
          null,
          null,
          1,
          1,
          null,
          null,
          1,
          1,
          null,
          null,
          null
        ]
      },
      "/home/bjmcd/Documents/Development/Private/BigRobot/moonbase/app/services/amazon/reports/ingest/custom_transactions/ingest_service.rb": {
        "lines": [
          1,
          1,
          1,
          1,
          1,
          1,
          null,
          1,
          4,
          4,
          4,
          null,
          null,
          1,
          null,
          1,
          4,
          null,
          null,
          1,
          null,
          1,
          4,
          14036,
          null,
          null,
          null,
          null,
          null,
          null,
          null,
          null,
          null,
          null,
          null,
          null,
          null,
          null,
          null,
          null,
          null,
          null,
          null,
          null,
          null,
          null,
          null,
          null,
          null,
          14036,
          null,
          null,
          4,
          null,
          4,
          null,
          null,
          1,
          4,
          null,
          null,
          1,
          4,
          32,
          null,
          4,
          null,
          null,
          1,
          4,
          null,
          null,
          1,
          4,
          null,
          null,
          1,
          8,
          null,
          null,
          1,
          14036,
          null,
          null,
          1,
          14036,
          null,
          null,
          1,
          14036,
          null,
          null,
          1,
          14036,
          null,
          null,
          1,
          4,
          null,
          2,
          null,
          2,
          null,
          null,
          null,
          null,
          null,
          null
        ]
      },
      "/home/bjmcd/Documents/Development/Private/BigRobot/moonbase/app/services/amazon/reports/ingest/files_service.rb": {
        "lines": [
          1,
          1,
          1,
          1,
          1,
          1,
          1,
          null,
          1,
          2,
          2,
          null,
          null,
          1,
          null,
          1,
          2,
          null,
          null,
          1,
          null,
          1,
          2,
          null,
          2,
          null,
          null,
          1,
          2,
          6,
          6,
          null,
          null,
          null,
          1,
          2,
          null,
          null,
          1,
          2,
          null,
          null,
          1,
          2,
          null,
          null,
          1,
          2,
          null,
          null,
          1,
          2,
          null,
          null,
          1,
          2,
          null,
          null,
          null,
          null,
          null
        ]
      },
      "/home/bjmcd/Documents/Development/Private/BigRobot/moonbase/app/services/amazon/reports/ingest/process_service.rb": {
        "lines": [
          1,
          1,
          1,
          1,
          1,
          2,
          null,
          null,
          1,
          null,
          1,
          2,
          null,
          2,
          null,
          null,
          1,
          null,
          1,
          2,
          null,
          null,
          null,
          null,
          null
        ]
      },
      "/home/bjmcd/Documents/Development/Private/BigRobot/moonbase/app/services/amazon/reports/ingest/sponsored_products/ingest_service.rb": {
        "lines": [
          1,
          1,
          1,
          1,
          1,
          1,
          null,
          1,
          4,
          4,
          4,
          null,
          null,
          1,
          null,
          1,
          4,
          null,
          null,
          1,
          null,
          1,
          4,
          11772,
          null,
          11768,
          null,
          11768,
          null,
          null,
          null,
          null,
          null,
          null,
          null,
          null,
          null,
          null,
          null,
          null,
          null,
          null,
          null,
          null,
          null,
          null,
          null,
          null,
          null,
          null,
          null,
          null,
          11768,
          null,
          null,
          4,
          null,
          4,
          null,
          null,
          1,
          11768,
          null,
          null,
          1,
          23540,
          null,
          null,
          1,
          4,
          null,
          null,
          1,
          8,
          null,
          null,
          1,
          8,
          null,
          null,
          1,
          11768,
          null,
          null,
          1,
          4,
          null,
          2,
          null,
          2,
          null,
          null,
          null,
          null,
          null,
          null
        ]
      },
      "/home/bjmcd/Documents/Development/Private/BigRobot/moonbase/app/services/amazon/reports/ingest/status_service.rb": {
        "lines": [
          1,
          null,
          1,
          1,
          1,
          1,
          1,
          null,
          1,
          3,
          3,
          null,
          null,
          1,
          null,
          1,
          3,
          null,
          null,
          1,
          null,
          1,
          3,
          null,
          3,
          null,
          null,
          1,
          12,
          null,
          null,
          1,
          1,
          null,
          null,
          1,
          2,
          null,
          null,
          null,
          null,
          null
        ]
      },
      "/home/bjmcd/Documents/Development/Private/BigRobot/moonbase/app/services/amazon/reports/publish_service.rb": {
        "lines": [
          1,
          1,
          1,
          1,
          null,
          null,
          null,
          null,
          1,
          2,
          null,
          null,
          1,
          null,
          1,
          2,
          null,
          null,
          1,
          null,
          1,
          2,
          34,
          34,
          null,
          null,
          null,
          1,
          34,
          68,
          null,
          null,
          null,
          1,
          34,
          null,
          null,
          1,
          102,
          null,
          null,
          1,
          34,
          null,
          null,
          1,
          34,
          null,
          null,
          null,
          null
        ]
      },
      "/home/bjmcd/Documents/Development/Private/BigRobot/moonbase/app/services/currency/exchange_rates/summary_service.rb": {
        "lines": [
          1,
          1,
          1,
          1,
          2,
          null,
          null,
          1,
          null,
          1,
          2,
          null,
          null,
          null,
          null
        ]
      },
      "/home/bjmcd/Documents/Development/Private/BigRobot/moonbase/app/services/currency/exchange_rates/sync_service.rb": {
        "lines": [
          1,
          1,
          1,
          1,
          1,
          null,
          null,
          1,
          null,
          1,
          1,
          168,
          168,
          null,
          null,
          null,
          1,
          1,
          null,
          null,
          null,
          null
        ]
      },
      "/home/bjmcd/Documents/Development/Private/BigRobot/moonbase/app/lib/expenses.rb": {
        "lines": [
          1,
          1,
          1,
          null,
          null
        ]
      },
      "/home/bjmcd/Documents/Development/Private/BigRobot/moonbase/app/services/expenses/others/record_service.rb": {
        "lines": [
          1,
          1,
          1,
          1,
          2,
          2,
          2,
          2,
          2,
          null,
          null,
          1,
          null,
          1,
          2,
          null,
          null,
          1,
          null,
          1,
          2,
          null,
          2,
          null,
          2,
          null,
          null,
          1,
          2,
          null,
          null,
          1,
          2,
          null,
          null,
          1,
          4,
          null,
          null,
          null,
          null
        ]
      },
      "/home/bjmcd/Documents/Development/Private/BigRobot/moonbase/app/models/amazon/cost_of_good.rb": {
        "lines": [
          1,
          1,
          1,
          null,
          1,
          null,
          null,
          1,
          1,
          1,
          1,
          1,
          null,
          1,
          1,
          null,
          null
        ]
      },
      "/home/bjmcd/Documents/Development/Private/BigRobot/moonbase/app/models/concerns/lyticaa/uuid.rb": {
        "lines": [
          1,
          1,
          1,
          null,
          1,
          2,
          null,
          null,
          1,
          null,
          null
        ]
      },
      "/home/bjmcd/Documents/Development/Private/BigRobot/moonbase/app/services/amazon/marketplaces/summary_service.rb": {
        "lines": [
          1,
          1,
          1,
          1,
          1,
          null,
          null,
          1,
          null,
          1,
          1,
          null,
          null,
          null,
          null
        ]
      },
      "/home/bjmcd/Documents/Development/Private/BigRobot/moonbase/app/models/expenses/other.rb": {
        "lines": [
          1,
          1,
          1,
          null,
          1,
          null,
          null,
          1,
          1,
          1,
          1,
          null,
          1,
          1,
          null,
          null
        ]
      },
      "/home/bjmcd/Documents/Development/Private/BigRobot/moonbase/app/lib/lyticaa/aws/s3/client.rb": {
        "lines": [
          1,
          1,
          1,
          1,
          1,
          10,
          10,
          null,
          null,
          1,
          null,
          1,
          2,
          null,
          null,
          1,
          4,
          null,
          null,
          1,
          4,
          null,
          null,
          1,
          4,
          null,
          null,
          1,
          4,
          null,
          null,
          1,
          null,
          1,
          6,
          null,
          null,
          1,
          18,
          null,
          null,
          null,
          null,
          null
        ]
      },
      "/home/bjmcd/Documents/Development/Private/BigRobot/moonbase/app/models/amazon/custom_transaction.rb": {
        "lines": [
          1,
          1,
          1,
          null,
          1,
          null,
          1,
          null,
          1,
          null,
          null,
          1,
          1,
          34,
          null,
          null,
          null,
          null,
          null,
          null,
          null
        ]
      },
      "/home/bjmcd/Documents/Development/Private/BigRobot/moonbase/app/models/amazon/sponsored_product.rb": {
        "lines": [
          1,
          1,
          1,
          null,
          null,
          1,
          1,
          34,
          null,
          null,
          null,
          null,
          null,
          null,
          null
        ]
      },
      "/home/bjmcd/Documents/Development/Private/BigRobot/moonbase/app/lib/amazon/custom_transactions.rb": {
        "lines": [
          1,
          1,
          1,
          76,
          null,
          null,
          null
        ]
      },
      "/home/bjmcd/Documents/Development/Private/BigRobot/moonbase/app/models/amazon/custom_transactions/today.rb": {
        "lines": [
          1,
          1,
          1,
          1,
          null,
          1,
          null,
          1,
          null,
          1,
          null,
          null,
          1,
          1,
          5,
          null,
          null,
          1,
          2,
          null,
          null,
          null,
          1,
          0,
          null,
          null,
          null,
          null
        ]
      },
      "/home/bjmcd/Documents/Development/Private/BigRobot/moonbase/app/lib/amazon/sponsored_products.rb": {
        "lines": [
          1,
          1,
          1,
          76,
          null,
          null,
          null
        ]
      },
      "/home/bjmcd/Documents/Development/Private/BigRobot/moonbase/app/models/amazon/sponsored_products/today.rb": {
        "lines": [
          1,
          1,
          1,
          1,
          null,
          null,
          1,
          1,
          5,
          null,
          null,
          1,
          2,
          null,
          null,
          null,
          1,
          0,
          null,
          null,
          null,
          null
        ]
      },
      "/home/bjmcd/Documents/Development/Private/BigRobot/moonbase/app/models/amazon/custom_transactions/yesterday.rb": {
        "lines": [
          1,
          1,
          1,
          1,
          null,
          1,
          null,
          1,
          null,
          1,
          null,
          null,
          1,
          1,
          5,
          null,
          null,
          1,
          2,
          null,
          null,
          null,
          1,
          0,
          null,
          null,
          null,
          null
        ]
      },
      "/home/bjmcd/Documents/Development/Private/BigRobot/moonbase/app/models/amazon/sponsored_products/yesterday.rb": {
        "lines": [
          1,
          1,
          1,
          1,
          null,
          null,
          1,
          1,
          5,
          null,
          null,
          1,
          2,
          null,
          null,
          null,
          1,
          0,
          null,
          null,
          null,
          null
        ]
      },
      "/home/bjmcd/Documents/Development/Private/BigRobot/moonbase/app/models/amazon/custom_transactions/last_thirty_days.rb": {
        "lines": [
          1,
          1,
          1,
          1,
          null,
          1,
          null,
          1,
          null,
          1,
          null,
          null,
          1,
          1,
          5,
          null,
          null,
          1,
          2,
          null,
          null,
          null,
          1,
          0,
          null,
          null,
          null,
          null
        ]
      },
      "/home/bjmcd/Documents/Development/Private/BigRobot/moonbase/app/models/amazon/sponsored_products/last_thirty_days.rb": {
        "lines": [
          1,
          1,
          1,
          1,
          null,
          null,
          1,
          1,
          5,
          null,
          null,
          1,
          2,
          null,
          null,
          null,
          1,
          0,
          null,
          null,
          null,
          null
        ]
      },
      "/home/bjmcd/Documents/Development/Private/BigRobot/moonbase/app/models/amazon/custom_transactions/previous_thirty_days.rb": {
        "lines": [
          1,
          1,
          1,
          1,
          null,
          1,
          null,
          1,
          null,
          1,
          null,
          null,
          1,
          1,
          5,
          null,
          null,
          1,
          2,
          null,
          null,
          null,
          1,
          0,
          null,
          null,
          null,
          null
        ]
      },
      "/home/bjmcd/Documents/Development/Private/BigRobot/moonbase/app/models/amazon/sponsored_products/previous_thirty_days.rb": {
        "lines": [
          1,
          1,
          1,
          1,
          null,
          null,
          1,
          1,
          5,
          null,
          null,
          1,
          2,
          null,
          null,
          null,
          1,
          0,
          null,
          null,
          null,
          null
        ]
      },
      "/home/bjmcd/Documents/Development/Private/BigRobot/moonbase/app/models/amazon/custom_transactions/this_month.rb": {
        "lines": [
          1,
          1,
          1,
          1,
          null,
          1,
          null,
          1,
          null,
          1,
          null,
          null,
          1,
          1,
          7,
          null,
          null,
          1,
          4,
          null,
          null,
          null,
          1,
          0,
          null,
          null,
          null,
          null
        ]
      },
      "/home/bjmcd/Documents/Development/Private/BigRobot/moonbase/app/models/amazon/sponsored_products/this_month.rb": {
        "lines": [
          1,
          1,
          1,
          1,
          null,
          null,
          1,
          1,
          7,
          null,
          null,
          1,
          4,
          null,
          null,
          null,
          1,
          0,
          null,
          null,
          null,
          null
        ]
      },
      "/home/bjmcd/Documents/Development/Private/BigRobot/moonbase/app/models/amazon/custom_transactions/last_month.rb": {
        "lines": [
          1,
          1,
          1,
          1,
          null,
          1,
          null,
          1,
          null,
          1,
          null,
          null,
          1,
          1,
          9,
          null,
          null,
          1,
          6,
          null,
          null,
          null,
          1,
          0,
          null,
          null,
          null,
          null
        ]
      },
      "/home/bjmcd/Documents/Development/Private/BigRobot/moonbase/app/models/amazon/sponsored_products/last_month.rb": {
        "lines": [
          1,
          1,
          1,
          1,
          null,
          null,
          1,
          1,
          9,
          null,
          null,
          1,
          6,
          null,
          null,
          null,
          1,
          0,
          null,
          null,
          null,
          null
        ]
      },
      "/home/bjmcd/Documents/Development/Private/BigRobot/moonbase/app/models/amazon/custom_transactions/month_before_last.rb": {
        "lines": [
          1,
          1,
          1,
          1,
          null,
          1,
          null,
          1,
          null,
          1,
          null,
          null,
          1,
          1,
          7,
          null,
          null,
          1,
          4,
          null,
          null,
          null,
          1,
          0,
          null,
          null,
          null,
          null
        ]
      },
      "/home/bjmcd/Documents/Development/Private/BigRobot/moonbase/app/models/amazon/sponsored_products/month_before_last.rb": {
        "lines": [
          1,
          1,
          1,
          1,
          null,
          null,
          1,
          1,
          7,
          null,
          null,
          1,
          4,
          null,
          null,
          null,
          1,
          0,
          null,
          null,
          null,
          null
        ]
      },
      "/home/bjmcd/Documents/Development/Private/BigRobot/moonbase/app/models/amazon/custom_transactions/last_three_months.rb": {
        "lines": [
          1,
          1,
          1,
          1,
          null,
          1,
          null,
          1,
          null,
          1,
          null,
          null,
          1,
          1,
          5,
          null,
          null,
          1,
          2,
          null,
          null,
          null,
          1,
          0,
          null,
          null,
          null,
          null
        ]
      },
      "/home/bjmcd/Documents/Development/Private/BigRobot/moonbase/app/models/amazon/sponsored_products/last_three_months.rb": {
        "lines": [
          1,
          1,
          1,
          1,
          null,
          null,
          1,
          1,
          5,
          null,
          null,
          1,
          2,
          null,
          null,
          null,
          1,
          0,
          null,
          null,
          null,
          null
        ]
      },
      "/home/bjmcd/Documents/Development/Private/BigRobot/moonbase/app/models/amazon/custom_transactions/previous_three_months.rb": {
        "lines": [
          1,
          1,
          1,
          1,
          null,
          1,
          null,
          1,
          null,
          1,
          null,
          null,
          1,
          1,
          5,
          null,
          null,
          1,
          2,
          null,
          null,
          null,
          1,
          0,
          null,
          null,
          null,
          null
        ]
      },
      "/home/bjmcd/Documents/Development/Private/BigRobot/moonbase/app/models/amazon/sponsored_products/previous_three_months.rb": {
        "lines": [
          1,
          1,
          1,
          1,
          null,
          null,
          1,
          1,
          5,
          null,
          null,
          1,
          2,
          null,
          null,
          null,
          1,
          0,
          null,
          null,
          null,
          null
        ]
      },
      "/home/bjmcd/Documents/Development/Private/BigRobot/moonbase/app/models/amazon/custom_transactions/last_six_months.rb": {
        "lines": [
          1,
          1,
          1,
          1,
          null,
          1,
          null,
          1,
          null,
          1,
          null,
          null,
          1,
          1,
          5,
          null,
          null,
          1,
          2,
          null,
          null,
          null,
          1,
          0,
          null,
          null,
          null,
          null
        ]
      },
      "/home/bjmcd/Documents/Development/Private/BigRobot/moonbase/app/models/amazon/sponsored_products/last_six_months.rb": {
        "lines": [
          1,
          1,
          1,
          1,
          null,
          null,
          1,
          1,
          5,
          null,
          null,
          1,
          2,
          null,
          null,
          null,
          1,
          0,
          null,
          null,
          null,
          null
        ]
      },
      "/home/bjmcd/Documents/Development/Private/BigRobot/moonbase/app/models/amazon/custom_transactions/previous_six_months.rb": {
        "lines": [
          1,
          1,
          1,
          1,
          null,
          1,
          null,
          1,
          null,
          1,
          null,
          null,
          1,
          1,
          5,
          null,
          null,
          1,
          2,
          null,
          null,
          null,
          1,
          0,
          null,
          null,
          null,
          null
        ]
      },
      "/home/bjmcd/Documents/Development/Private/BigRobot/moonbase/app/models/amazon/sponsored_products/previous_six_months.rb": {
        "lines": [
          1,
          1,
          1,
          1,
          null,
          null,
          1,
          1,
          5,
          null,
          null,
          1,
          2,
          null,
          null,
          null,
          1,
          0,
          null,
          null,
          null,
          null
        ]
      },
      "/home/bjmcd/Documents/Development/Private/BigRobot/moonbase/app/models/amazon/custom_transactions/this_year.rb": {
        "lines": [
          1,
          1,
          1,
          1,
          null,
          1,
          null,
          1,
          null,
          1,
          null,
          null,
          1,
          1,
          5,
          null,
          null,
          1,
          2,
          null,
          null,
          null,
          1,
          0,
          null,
          null,
          null,
          null
        ]
      },
      "/home/bjmcd/Documents/Development/Private/BigRobot/moonbase/app/models/amazon/sponsored_products/this_year.rb": {
        "lines": [
          1,
          1,
          1,
          1,
          null,
          null,
          1,
          1,
          5,
          null,
          null,
          1,
          2,
          null,
          null,
          null,
          1,
          0,
          null,
          null,
          null,
          null
        ]
      },
      "/home/bjmcd/Documents/Development/Private/BigRobot/moonbase/app/models/amazon/custom_transactions/all_time.rb": {
        "lines": [
          1,
          1,
          1,
          1,
          null,
          1,
          null,
          1,
          null,
          1,
          null,
          null,
          1,
          1,
          8,
          null,
          null,
          1,
          2,
          null,
          null,
          null,
          1,
          0,
          null,
          null,
          null,
          null
        ]
      },
      "/home/bjmcd/Documents/Development/Private/BigRobot/moonbase/app/models/amazon/sponsored_products/all_time.rb": {
        "lines": [
          1,
          1,
          1,
          1,
          null,
          null,
          1,
          1,
          8,
          null,
          null,
          1,
          2,
          null,
          null,
          null,
          1,
          0,
          null,
          null,
          null,
          null
        ]
      },
      "/home/bjmcd/Documents/Development/Private/BigRobot/moonbase/app/controllers/api/status/index_controller.rb": {
        "lines": [
          0,
          0,
          0,
          0,
          0,
          0,
          0,
          0,
          0
        ],
        "branches": {
        }
      },
      "/home/bjmcd/Documents/Development/Private/BigRobot/moonbase/app/controllers/application_controller.rb": {
        "lines": [
          0,
          0
        ],
        "branches": {
        }
      },
      "/home/bjmcd/Documents/Development/Private/BigRobot/moonbase/app/controllers/errors_controller.rb": {
        "lines": [
          0,
          0,
          0,
          0,
          null,
          0,
          0,
          0,
          null,
          0,
          0,
          0,
          0
        ],
        "branches": {
        }
      },
      "/home/bjmcd/Documents/Development/Private/BigRobot/moonbase/app/lib/amazon.rb": {
        "lines": [
          0,
          0,
          0,
          0,
          0
        ],
        "branches": {
        }
      },
      "/home/bjmcd/Documents/Development/Private/BigRobot/moonbase/app/lib/currency.rb": {
        "lines": [
          0,
          0,
          0,
          0,
          0
        ],
        "branches": {
        }
      },
      "/home/bjmcd/Documents/Development/Private/BigRobot/moonbase/app/lib/lyticaa/announcement/diagnostic.rb": {
        "lines": [
          0,
          0,
          0,
          0,
          0,
          0,
          null,
          0,
          0,
          0,
          null,
          0,
          0,
          0,
          0,
          null,
          0,
          null,
          0,
          0,
          0,
          0,
          0,
          0
        ],
        "branches": {
        }
      },
      "/home/bjmcd/Documents/Development/Private/BigRobot/moonbase/app/lib/lyticaa/announcement/error.rb": {
        "lines": [
          0,
          0,
          0,
          0,
          0,
          0,
          0,
          0,
          0,
          0,
          null,
          0,
          null,
          0,
          0,
          0,
          0,
          0,
          0,
          0
        ],
        "branches": {
        }
      },
      "/home/bjmcd/Documents/Development/Private/BigRobot/moonbase/app/models/amazon/custom_transactions/last_year.rb": {
        "lines": [
          0,
          0,
          0,
          0,
          0,
          0,
          0,
          0,
          0,
          0,
          0,
          null,
          0,
          0,
          0,
          0,
          null,
          0,
          0,
          0,
          0,
          null,
          0,
          0,
          0,
          0,
          0,
          0
        ],
        "branches": {
        }
      },
      "/home/bjmcd/Documents/Development/Private/BigRobot/moonbase/app/models/amazon/fulfillment.rb": {
        "lines": [
          0,
          0,
          0,
          0
        ],
        "branches": {
        }
      },
      "/home/bjmcd/Documents/Development/Private/BigRobot/moonbase/app/models/amazon/marketplace.rb": {
        "lines": [
          0,
          0,
          0,
          0,
          0,
          0
        ],
        "branches": {
        }
      },
      "/home/bjmcd/Documents/Development/Private/BigRobot/moonbase/app/models/amazon/sponsored_products/last_year.rb": {
        "lines": [
          0,
          0,
          0,
          0,
          0,
          null,
          0,
          0,
          0,
          0,
          null,
          0,
          0,
          0,
          0,
          null,
          0,
          0,
          0,
          0,
          0,
          0
        ],
        "branches": {
        }
      },
      "/home/bjmcd/Documents/Development/Private/BigRobot/moonbase/app/models/amazon/tax_collection_model.rb": {
        "lines": [
          0,
          0,
          0,
          0
        ],
        "branches": {
        }
      },
      "/home/bjmcd/Documents/Development/Private/BigRobot/moonbase/app/models/amazon/transaction_type.rb": {
        "lines": [
          0,
          0,
          0,
          0,
          null,
          0,
          0,
          0,
          null,
          0,
          0,
          0,
          0,
          0
        ],
        "branches": {
        }
      },
      "/home/bjmcd/Documents/Development/Private/BigRobot/moonbase/app/models/application_record.rb": {
        "lines": [
          0,
          0,
          null,
          0,
          0,
          0,
          0,
          0,
          0,
          0
        ],
        "branches": {
        }
      },
      "/home/bjmcd/Documents/Development/Private/BigRobot/moonbase/app/models/currency/exchange_rate.rb": {
        "lines": [
          0,
          0,
          0,
          0
        ],
        "branches": {
        }
      },
      "/home/bjmcd/Documents/Development/Private/BigRobot/moonbase/app/models/exchange_rate.rb": {
        "lines": [
          0,
          0
        ],
        "branches": {
        }
      }
    },
    "timestamp": 1690122741
  }
}
